<?xml version="1.0" encoding="UTF-8"?>
<testsuite xmlns:xsi="http://www.w3.org/2001/XMLSchema-instance" xsi:noNamespaceSchemaLocation="https://maven.apache.org/surefire/maven-surefire-plugin/xsd/surefire-test-report-3.0.xsd" version="3.0" name="edu.eci.cvds.tdd.registry.RegistryTest" time="0.045" tests="6" errors="0" skipped="0" failures="0">
  <properties>
    <property name="java.specification.version" value="17"/>
    <property name="sun.cpu.isalist" value="amd64"/>
    <property name="sun.jnu.encoding" value="Cp1252"/>
    <property name="java.class.path" value="C:\Users\Nicolas Ariza\Documents\CVDS\LabsCVDS\CVDS-LABORATORIOS-ARIZA-2023-1\Lab3\ClaseEquivalencia\target\test-classes;C:\Users\Nicolas Ariza\Documents\CVDS\LabsCVDS\CVDS-LABORATORIOS-ARIZA-2023-1\Lab3\ClaseEquivalencia\target\classes;C:\Users\Nicolas Ariza\.m2\repository\junit\junit\4.13.2\junit-4.13.2.jar;C:\Users\Nicolas Ariza\.m2\repository\org\hamcrest\hamcrest-core\1.3\hamcrest-core-1.3.jar;"/>
    <property name="java.vm.vendor" value="Oracle Corporation"/>
    <property name="sun.arch.data.model" value="64"/>
    <property name="user.variant" value=""/>
    <property name="java.vendor.url" value="https://java.oracle.com/"/>
    <property name="user.timezone" value="America/Bogota"/>
    <property name="os.name" value="Windows 10"/>
    <property name="java.vm.specification.version" value="17"/>
    <property name="sun.java.launcher" value="SUN_STANDARD"/>
    <property name="user.country" value="CO"/>
    <property name="sun.boot.library.path" value="C:\Program Files\Java\jdk-17.0.1\bin"/>
    <property name="sun.java.command" value="C:\Users\Nicolas Ariza\AppData\Local\Temp\surefire10732757730412507863\surefirebooter-20230225154320477_3.jar C:\Users\Nicolas Ariza\AppData\Local\Temp\surefire10732757730412507863 2023-02-25T15-43-19_790-jvmRun1 surefire-20230225154320477_1tmp surefire_0-20230225154320477_2tmp"/>
    <property name="jdk.debug" value="release"/>
    <property name="surefire.test.class.path" value="C:\Users\Nicolas Ariza\Documents\CVDS\LabsCVDS\CVDS-LABORATORIOS-ARIZA-2023-1\Lab3\ClaseEquivalencia\target\test-classes;C:\Users\Nicolas Ariza\Documents\CVDS\LabsCVDS\CVDS-LABORATORIOS-ARIZA-2023-1\Lab3\ClaseEquivalencia\target\classes;C:\Users\Nicolas Ariza\.m2\repository\junit\junit\4.13.2\junit-4.13.2.jar;C:\Users\Nicolas Ariza\.m2\repository\org\hamcrest\hamcrest-core\1.3\hamcrest-core-1.3.jar;"/>
    <property name="sun.cpu.endian" value="little"/>
    <property name="user.home" value="C:\Users\Nicolas Ariza"/>
    <property name="user.language" value="es"/>
    <property name="java.specification.vendor" value="Oracle Corporation"/>
    <property name="java.version.date" value="2021-10-19"/>
    <property name="java.home" value="C:\Program Files\Java\jdk-17.0.1"/>
    <property name="file.separator" value="\"/>
    <property name="basedir" value="C:\Users\Nicolas Ariza\Documents\CVDS\LabsCVDS\CVDS-LABORATORIOS-ARIZA-2023-1\Lab3\ClaseEquivalencia"/>
    <property name="java.vm.compressedOopsMode" value="32-bit"/>
    <property name="line.separator" value="&#10;"/>
    <property name="java.vm.specification.vendor" value="Oracle Corporation"/>
    <property name="java.specification.name" value="Java Platform API Specification"/>
    <property name="surefire.real.class.path" value="C:\Users\Nicolas Ariza\AppData\Local\Temp\surefire10732757730412507863\surefirebooter-20230225154320477_3.jar"/>
    <property name="user.script" value=""/>
    <property name="sun.management.compiler" value="HotSpot 64-Bit Tiered Compilers"/>
    <property name="java.runtime.version" value="17.0.1+12-LTS-39"/>
    <property name="user.name" value="Nicolas Ariza"/>
    <property name="path.separator" value=";"/>
    <property name="os.version" value="10.0"/>
    <property name="java.runtime.name" value="Java(TM) SE Runtime Environment"/>
    <property name="file.encoding" value="Cp1252"/>
    <property name="java.vm.name" value="Java HotSpot(TM) 64-Bit Server VM"/>
    <property name="localRepository" value="C:\Users\Nicolas Ariza\.m2\repository"/>
    <property name="java.vendor.url.bug" value="https://bugreport.java.com/bugreport/"/>
    <property name="java.io.tmpdir" value="C:\Users\NICOLA~1\AppData\Local\Temp\"/>
    <property name="java.version" value="17.0.1"/>
    <property name="user.dir" value="C:\Users\Nicolas Ariza\Documents\CVDS\LabsCVDS\CVDS-LABORATORIOS-ARIZA-2023-1\Lab3\ClaseEquivalencia"/>
    <property name="os.arch" value="amd64"/>
    <property name="java.vm.specification.name" value="Java Virtual Machine Specification"/>
    <property name="sun.os.patch.level" value=""/>
    <property name="native.encoding" value="Cp1252"/>
    <property name="java.library.path" value="C:\Program Files\Java\jdk-17.0.1\bin;C:\WINDOWS\Sun\Java\bin;C:\WINDOWS\system32;C:\WINDOWS;C:\Program Files\Common Files\Oracle\Java\javapath;C:\Program Files (x86)\Common Files\Oracle\Java\javapath;C:\windows\system32;C:\windows;C:\windows\System32\Wbem;C:\windows\System32\WindowsPowerShell\v1.0\;C:\windows\System32\OpenSSH\;C:\Program Files (x86)\Intel\Intel(R) Management Engine Components\DAL;C:\Program Files\Intel\Intel(R) Management Engine Components\DAL;C:\Program Files (x86)\NVIDIA Corporation\PhysX\Common;C:\Program Files\NVIDIA Corporation\NVIDIA NvDLISR;C:\Program Files\Wolfram Research\WolframScript\;C:\WINDOWS\system32;C:\WINDOWS;C:\WINDOWS\System32\Wbem;C:\WINDOWS\System32\WindowsPowerShell\v1.0\;C:\WINDOWS\System32\OpenSSH\;C:\Program Files\Java\jdk-17.0.1\bin;C:\Program Files (x86)\dotnet\;C:\Program Files\Git\cmd;C:\Users\Nicolas Ariza\Documents\CVDS\Lab2\apache-maven-3.9.0\bin;C:\Program Files\dotnet\;C:\Users\Nicolas Ariza\AppData\Local\Microsoft\WindowsApps;C:\Program Files (x86)\SSH Communications Security\SSH Secure Shell;C:\Users\Nicolas Ariza\AppData\Local\GitHubDesktop\bin;;."/>
    <property name="java.vm.info" value="mixed mode, sharing"/>
    <property name="java.vendor" value="Oracle Corporation"/>
    <property name="java.vm.version" value="17.0.1+12-LTS-39"/>
    <property name="sun.io.unicode.encoding" value="UnicodeLittle"/>
    <property name="java.class.version" value="61.0"/>
  </properties>
  <testcase name="Should_Not_Allow_No_Sense_Ages" classname="edu.eci.cvds.tdd.registry.RegistryTest" time="0.006"/>
  <testcase name="Should_Allow_People_With_18" classname="edu.eci.cvds.tdd.registry.RegistryTest" time="0.001"/>
  <testcase name="Should_Allow_Alive_People" classname="edu.eci.cvds.tdd.registry.RegistryTest" time="0"/>
  <testcase name="Should_Not_Allow_People_Twice" classname="edu.eci.cvds.tdd.registry.RegistryTest" time="0"/>
  <testcase name="Should_Not_Allow_Dead_People" classname="edu.eci.cvds.tdd.registry.RegistryTest" time="0.001"/>
  <testcase name="Should_Not_Allow_LessThan_18" classname="edu.eci.cvds.tdd.registry.RegistryTest" time="0"/>
</testsuite>